<?xml version="1.0" encoding="UTF-8"?>
<testng-results skipped="0" failed="0" ignored="0" total="2" passed="2">
  <reporter-output>
  </reporter-output>
  <suite name="Default suite" duration-ms="14665" started-at="2018-06-23T22:00:16Z" finished-at="2018-06-23T22:00:31Z">
    <groups>
    </groups>
    <test name="Default test" duration-ms="14665" started-at="2018-06-23T22:00:16Z" finished-at="2018-06-23T22:00:31Z">
      <class name="com.jobApplication.PersonalInfoTests">
        <test-method status="PASS" signature="setUp()[pri:0, instance:com.jobApplication.PersonalInfoTests@574413bd]" name="setUp" is-config="true" duration-ms="7829" started-at="2018-06-23T22:00:16Z" finished-at="2018-06-23T22:00:24Z">
          <reporter-output>
          </reporter-output>
        </test-method> <!-- setUp -->
        <test-method status="PASS" signature="navigateToHomePage()[pri:0, instance:com.jobApplication.PersonalInfoTests@574413bd]" name="navigateToHomePage" is-config="true" duration-ms="2208" started-at="2018-06-23T22:00:24Z" finished-at="2018-06-23T22:00:26Z">
          <reporter-output>
          </reporter-output>
        </test-method> <!-- navigateToHomePage -->
        <test-method status="PASS" signature="fullNameEmptyTest()[pri:0, instance:com.jobApplication.PersonalInfoTests@574413bd]" name="fullNameEmptyTest" duration-ms="303" started-at="2018-06-23T22:00:26Z" finished-at="2018-06-23T22:00:26Z">
          <reporter-output>
          </reporter-output>
        </test-method> <!-- fullNameEmptyTest -->
        <test-method status="PASS" signature="navigateToHomePage()[pri:0, instance:com.jobApplication.PersonalInfoTests@574413bd]" name="navigateToHomePage" is-config="true" duration-ms="411" started-at="2018-06-23T22:00:26Z" finished-at="2018-06-23T22:00:27Z">
          <reporter-output>
          </reporter-output>
        </test-method> <!-- navigateToHomePage -->
        <test-method status="PASS" signature="submitFullApplication()[pri:0, instance:com.jobApplication.PersonalInfoTests@574413bd]" name="submitFullApplication" duration-ms="3884" started-at="2018-06-23T22:00:27Z" finished-at="2018-06-23T22:00:31Z">
          <reporter-output>
          </reporter-output>
        </test-method> <!-- submitFullApplication -->
      </class> <!-- com.jobApplication.PersonalInfoTests -->
    </test> <!-- Default test -->
  </suite> <!-- Default suite -->
</testng-results>
